2024/02/07 12:15:54 [notice] 1#1: using the "epoll" event method
2024/02/07 12:15:54 [notice] 1#1: nginx/1.25.3
2024/02/07 12:15:54 [notice] 1#1: built by gcc 12.2.0 (Debian 12.2.0-14) 
2024/02/07 12:15:54 [notice] 1#1: OS: Linux 6.7.4-arch1-1
2024/02/07 12:15:54 [notice] 1#1: getrlimit(RLIMIT_NOFILE): 1073741816:1073741816
2024/02/07 12:15:54 [notice] 1#1: start worker processes
2024/02/07 12:15:54 [notice] 1#1: start worker process 20
2024/02/07 12:15:54 [notice] 1#1: start worker process 21
2024/02/07 12:15:54 [notice] 1#1: start worker process 22
2024/02/07 12:15:54 [notice] 1#1: start worker process 23
2024/02/07 12:15:54 [notice] 1#1: start worker process 24
2024/02/07 12:15:54 [notice] 1#1: start worker process 25
2024/02/07 12:15:59 [notice] 1#1: signal 3 (SIGQUIT) received, shutting down
2024/02/07 12:15:59 [notice] 22#22: gracefully shutting down
2024/02/07 12:15:59 [notice] 23#23: gracefully shutting down
2024/02/07 12:15:59 [notice] 20#20: gracefully shutting down
2024/02/07 12:15:59 [notice] 22#22: exiting
2024/02/07 12:15:59 [notice] 23#23: exiting
2024/02/07 12:15:59 [notice] 21#21: gracefully shutting down
2024/02/07 12:15:59 [notice] 20#20: exiting
2024/02/07 12:15:59 [notice] 21#21: exiting
2024/02/07 12:15:59 [notice] 22#22: exit
2024/02/07 12:15:59 [notice] 23#23: exit
2024/02/07 12:15:59 [notice] 20#20: exit
2024/02/07 12:15:59 [notice] 21#21: exit
2024/02/07 12:15:59 [notice] 25#25: gracefully shutting down
2024/02/07 12:15:59 [notice] 25#25: exiting
2024/02/07 12:15:59 [notice] 25#25: exit
2024/02/07 12:15:59 [notice] 24#24: gracefully shutting down
2024/02/07 12:15:59 [notice] 24#24: exiting
2024/02/07 12:15:59 [notice] 24#24: exit
2024/02/07 12:15:59 [notice] 1#1: signal 17 (SIGCHLD) received from 20
2024/02/07 12:15:59 [notice] 1#1: worker process 20 exited with code 0
2024/02/07 12:15:59 [notice] 1#1: worker process 23 exited with code 0
2024/02/07 12:15:59 [notice] 1#1: signal 29 (SIGIO) received
2024/02/07 12:15:59 [notice] 1#1: signal 17 (SIGCHLD) received from 25
2024/02/07 12:15:59 [notice] 1#1: worker process 25 exited with code 0
2024/02/07 12:15:59 [notice] 1#1: signal 29 (SIGIO) received
2024/02/07 12:15:59 [notice] 1#1: signal 17 (SIGCHLD) received from 21
2024/02/07 12:15:59 [notice] 1#1: worker process 21 exited with code 0
2024/02/07 12:15:59 [notice] 1#1: signal 29 (SIGIO) received
2024/02/07 12:15:59 [notice] 1#1: signal 17 (SIGCHLD) received from 24
2024/02/07 12:15:59 [notice] 1#1: worker process 24 exited with code 0
2024/02/07 12:15:59 [notice] 1#1: worker process 22 exited with code 0
2024/02/07 12:15:59 [notice] 1#1: exit
2024/02/07 12:16:45 [notice] 1#1: using the "epoll" event method
2024/02/07 12:16:45 [notice] 1#1: nginx/1.25.3
2024/02/07 12:16:45 [notice] 1#1: built by gcc 12.2.0 (Debian 12.2.0-14) 
2024/02/07 12:16:45 [notice] 1#1: OS: Linux 6.7.4-arch1-1
2024/02/07 12:16:45 [notice] 1#1: getrlimit(RLIMIT_NOFILE): 1073741816:1073741816
2024/02/07 12:16:45 [notice] 1#1: start worker processes
2024/02/07 12:16:45 [notice] 1#1: start worker process 20
2024/02/07 12:16:45 [notice] 1#1: start worker process 21
2024/02/07 12:16:45 [notice] 1#1: start worker process 22
2024/02/07 12:16:45 [notice] 1#1: start worker process 23
2024/02/07 12:16:45 [notice] 1#1: start worker process 24
2024/02/07 12:16:45 [notice] 1#1: start worker process 25
2024/02/07 12:31:58 [notice] 1#1: signal 3 (SIGQUIT) received, shutting down
2024/02/07 12:31:58 [notice] 20#20: gracefully shutting down
2024/02/07 12:31:58 [notice] 24#24: gracefully shutting down
2024/02/07 12:31:58 [notice] 20#20: exiting
2024/02/07 12:31:58 [notice] 24#24: exiting
2024/02/07 12:31:58 [notice] 21#21: gracefully shutting down
2024/02/07 12:31:58 [notice] 20#20: exit
2024/02/07 12:31:58 [notice] 21#21: exiting
2024/02/07 12:31:58 [notice] 24#24: exit
2024/02/07 12:31:58 [notice] 22#22: gracefully shutting down
2024/02/07 12:31:58 [notice] 22#22: exiting
2024/02/07 12:31:58 [notice] 21#21: exit
2024/02/07 12:31:58 [notice] 22#22: exit
2024/02/07 12:31:58 [notice] 23#23: gracefully shutting down
2024/02/07 12:31:58 [notice] 23#23: exiting
2024/02/07 12:31:58 [notice] 23#23: exit
2024/02/07 12:31:58 [notice] 25#25: gracefully shutting down
2024/02/07 12:31:58 [notice] 25#25: exiting
2024/02/07 12:31:58 [notice] 25#25: exit
2024/02/07 12:31:58 [notice] 1#1: signal 17 (SIGCHLD) received from 21
2024/02/07 12:31:58 [notice] 1#1: worker process 20 exited with code 0
2024/02/07 12:31:58 [notice] 1#1: worker process 21 exited with code 0
2024/02/07 12:31:58 [notice] 1#1: signal 29 (SIGIO) received
2024/02/07 12:31:58 [notice] 1#1: signal 17 (SIGCHLD) received from 20
2024/02/07 12:31:58 [notice] 1#1: signal 17 (SIGCHLD) received from 24
2024/02/07 12:31:58 [notice] 1#1: worker process 24 exited with code 0
2024/02/07 12:31:58 [notice] 1#1: signal 29 (SIGIO) received
2024/02/07 12:31:58 [notice] 1#1: signal 17 (SIGCHLD) received from 25
2024/02/07 12:31:58 [notice] 1#1: worker process 23 exited with code 0
2024/02/07 12:31:58 [notice] 1#1: worker process 25 exited with code 0
2024/02/07 12:31:58 [notice] 1#1: signal 29 (SIGIO) received
2024/02/07 12:31:58 [notice] 1#1: signal 17 (SIGCHLD) received from 22
2024/02/07 12:31:58 [notice] 1#1: worker process 22 exited with code 0
2024/02/07 12:31:58 [notice] 1#1: exit
2024/02/07 12:35:35 [notice] 1#1: using the "epoll" event method
2024/02/07 12:35:35 [notice] 1#1: nginx/1.25.3
2024/02/07 12:35:35 [notice] 1#1: built by gcc 12.2.0 (Debian 12.2.0-14) 
2024/02/07 12:35:35 [notice] 1#1: OS: Linux 6.7.4-arch1-1
2024/02/07 12:35:35 [notice] 1#1: getrlimit(RLIMIT_NOFILE): 1073741816:1073741816
2024/02/07 12:35:35 [notice] 1#1: start worker processes
2024/02/07 12:35:35 [notice] 1#1: start worker process 20
2024/02/07 12:35:35 [notice] 1#1: start worker process 21
2024/02/07 12:35:35 [notice] 1#1: start worker process 22
2024/02/07 12:35:35 [notice] 1#1: start worker process 23
2024/02/07 12:35:35 [notice] 1#1: start worker process 24
2024/02/07 12:35:35 [notice] 1#1: start worker process 25
2024/02/07 13:17:23 [notice] 1#1: signal 3 (SIGQUIT) received, shutting down
2024/02/07 13:17:23 [notice] 20#20: gracefully shutting down
2024/02/07 13:17:23 [notice] 22#22: gracefully shutting down
2024/02/07 13:17:23 [notice] 23#23: gracefully shutting down
2024/02/07 13:17:23 [notice] 24#24: gracefully shutting down
2024/02/07 13:17:23 [notice] 20#20: exiting
2024/02/07 13:17:23 [notice] 22#22: exiting
2024/02/07 13:17:23 [notice] 23#23: exiting
2024/02/07 13:17:23 [notice] 24#24: exiting
2024/02/07 13:17:23 [notice] 20#20: exit
2024/02/07 13:17:23 [notice] 22#22: exit
2024/02/07 13:17:23 [notice] 23#23: exit
2024/02/07 13:17:23 [notice] 24#24: exit
2024/02/07 13:17:23 [notice] 21#21: gracefully shutting down
2024/02/07 13:17:23 [notice] 21#21: exiting
2024/02/07 13:17:23 [notice] 21#21: exit
2024/02/07 13:17:23 [notice] 25#25: gracefully shutting down
2024/02/07 13:17:23 [notice] 25#25: exiting
2024/02/07 13:17:23 [notice] 25#25: exit
2024/02/07 13:17:23 [notice] 1#1: signal 17 (SIGCHLD) received from 23
2024/02/07 13:17:23 [notice] 1#1: worker process 23 exited with code 0
2024/02/07 13:17:23 [notice] 1#1: signal 29 (SIGIO) received
2024/02/07 13:17:23 [notice] 1#1: signal 17 (SIGCHLD) received from 20
2024/02/07 13:17:23 [notice] 1#1: worker process 20 exited with code 0
2024/02/07 13:17:23 [notice] 1#1: worker process 21 exited with code 0
2024/02/07 13:17:23 [notice] 1#1: worker process 24 exited with code 0
2024/02/07 13:17:23 [notice] 1#1: signal 29 (SIGIO) received
2024/02/07 13:17:23 [notice] 1#1: signal 17 (SIGCHLD) received from 24
2024/02/07 13:17:23 [notice] 1#1: signal 17 (SIGCHLD) received from 22
2024/02/07 13:17:23 [notice] 1#1: worker process 22 exited with code 0
2024/02/07 13:17:23 [notice] 1#1: worker process 25 exited with code 0
2024/02/07 13:17:23 [notice] 1#1: exit
2024/02/07 13:17:34 [notice] 1#1: using the "epoll" event method
2024/02/07 13:17:34 [notice] 1#1: nginx/1.25.3
2024/02/07 13:17:34 [notice] 1#1: built by gcc 12.2.0 (Debian 12.2.0-14) 
2024/02/07 13:17:34 [notice] 1#1: OS: Linux 6.7.4-arch1-1
2024/02/07 13:17:34 [notice] 1#1: getrlimit(RLIMIT_NOFILE): 1073741816:1073741816
2024/02/07 13:17:34 [notice] 1#1: start worker processes
2024/02/07 13:17:34 [notice] 1#1: start worker process 20
2024/02/07 13:17:34 [notice] 1#1: start worker process 21
2024/02/07 13:17:34 [notice] 1#1: start worker process 22
2024/02/07 13:17:34 [notice] 1#1: start worker process 23
2024/02/07 13:17:34 [notice] 1#1: start worker process 24
2024/02/07 13:17:34 [notice] 1#1: start worker process 25
2024/02/07 13:18:45 [notice] 1#1: signal 3 (SIGQUIT) received, shutting down
2024/02/07 13:18:45 [notice] 21#21: gracefully shutting down
2024/02/07 13:18:45 [notice] 20#20: gracefully shutting down
2024/02/07 13:18:45 [notice] 21#21: exiting
2024/02/07 13:18:45 [notice] 20#20: exiting
2024/02/07 13:18:45 [notice] 20#20: exit
2024/02/07 13:18:45 [notice] 21#21: exit
2024/02/07 13:18:45 [notice] 22#22: gracefully shutting down
2024/02/07 13:18:45 [notice] 22#22: exiting
2024/02/07 13:18:45 [notice] 22#22: exit
2024/02/07 13:18:45 [notice] 24#24: gracefully shutting down
2024/02/07 13:18:45 [notice] 24#24: exiting
2024/02/07 13:18:45 [notice] 23#23: gracefully shutting down
2024/02/07 13:18:45 [notice] 23#23: exiting
2024/02/07 13:18:45 [notice] 24#24: exit
2024/02/07 13:18:45 [notice] 23#23: exit
2024/02/07 13:18:45 [notice] 25#25: gracefully shutting down
2024/02/07 13:18:45 [notice] 25#25: exiting
2024/02/07 13:18:45 [notice] 25#25: exit
2024/02/07 13:18:45 [notice] 1#1: signal 17 (SIGCHLD) received from 24
2024/02/07 13:18:45 [notice] 1#1: worker process 20 exited with code 0
2024/02/07 13:18:45 [notice] 1#1: worker process 24 exited with code 0
2024/02/07 13:18:45 [notice] 1#1: signal 29 (SIGIO) received
2024/02/07 13:18:45 [notice] 1#1: signal 17 (SIGCHLD) received from 25
2024/02/07 13:18:45 [notice] 1#1: worker process 22 exited with code 0
2024/02/07 13:18:45 [notice] 1#1: worker process 25 exited with code 0
2024/02/07 13:18:45 [notice] 1#1: signal 29 (SIGIO) received
2024/02/07 13:18:45 [notice] 1#1: signal 17 (SIGCHLD) received from 23
2024/02/07 13:18:45 [notice] 1#1: worker process 23 exited with code 0
2024/02/07 13:18:45 [notice] 1#1: worker process 21 exited with code 0
2024/02/07 13:18:45 [notice] 1#1: exit
2024/02/07 13:19:14 [notice] 1#1: using the "epoll" event method
2024/02/07 13:19:14 [notice] 1#1: nginx/1.25.3
2024/02/07 13:19:14 [notice] 1#1: built by gcc 12.2.0 (Debian 12.2.0-14) 
2024/02/07 13:19:14 [notice] 1#1: OS: Linux 6.7.4-arch1-1
2024/02/07 13:19:14 [notice] 1#1: getrlimit(RLIMIT_NOFILE): 1073741816:1073741816
2024/02/07 13:19:14 [notice] 1#1: start worker processes
2024/02/07 13:19:14 [notice] 1#1: start worker process 20
2024/02/07 13:19:14 [notice] 1#1: start worker process 21
2024/02/07 13:19:14 [notice] 1#1: start worker process 22
2024/02/07 13:19:14 [notice] 1#1: start worker process 23
2024/02/07 13:19:14 [notice] 1#1: start worker process 24
2024/02/07 13:19:14 [notice] 1#1: start worker process 25
2024/02/07 13:19:41 [notice] 1#1: signal 3 (SIGQUIT) received, shutting down
2024/02/07 13:19:41 [notice] 20#20: gracefully shutting down
2024/02/07 13:19:41 [notice] 22#22: gracefully shutting down
2024/02/07 13:19:41 [notice] 21#21: gracefully shutting down
2024/02/07 13:19:41 [notice] 23#23: gracefully shutting down
2024/02/07 13:19:41 [notice] 20#20: exiting
2024/02/07 13:19:41 [notice] 22#22: exiting
2024/02/07 13:19:41 [notice] 23#23: exiting
2024/02/07 13:19:41 [notice] 20#20: exit
2024/02/07 13:19:41 [notice] 22#22: exit
2024/02/07 13:19:41 [notice] 23#23: exit
2024/02/07 13:19:41 [notice] 21#21: exiting
2024/02/07 13:19:41 [notice] 21#21: exit
2024/02/07 13:19:41 [notice] 24#24: gracefully shutting down
2024/02/07 13:19:41 [notice] 24#24: exiting
2024/02/07 13:19:41 [notice] 25#25: gracefully shutting down
2024/02/07 13:19:41 [notice] 25#25: exiting
2024/02/07 13:19:41 [notice] 24#24: exit
2024/02/07 13:19:41 [notice] 25#25: exit
2024/02/07 13:19:41 [notice] 1#1: signal 17 (SIGCHLD) received from 21
2024/02/07 13:19:41 [notice] 1#1: worker process 21 exited with code 0
2024/02/07 13:19:41 [notice] 1#1: signal 29 (SIGIO) received
2024/02/07 13:19:41 [notice] 1#1: signal 17 (SIGCHLD) received from 25
2024/02/07 13:19:41 [notice] 1#1: worker process 25 exited with code 0
2024/02/07 13:19:41 [notice] 1#1: signal 29 (SIGIO) received
2024/02/07 13:19:41 [notice] 1#1: signal 17 (SIGCHLD) received from 22
2024/02/07 13:19:41 [notice] 1#1: worker process 20 exited with code 0
2024/02/07 13:19:41 [notice] 1#1: worker process 22 exited with code 0
2024/02/07 13:19:41 [notice] 1#1: signal 29 (SIGIO) received
2024/02/07 13:19:41 [notice] 1#1: signal 17 (SIGCHLD) received from 20
2024/02/07 13:19:41 [notice] 1#1: signal 17 (SIGCHLD) received from 23
2024/02/07 13:19:41 [notice] 1#1: worker process 23 exited with code 0
2024/02/07 13:19:41 [notice] 1#1: worker process 24 exited with code 0
2024/02/07 13:19:41 [notice] 1#1: exit
2024/02/07 13:19:53 [notice] 1#1: using the "epoll" event method
2024/02/07 13:19:53 [notice] 1#1: nginx/1.25.3
2024/02/07 13:19:53 [notice] 1#1: built by gcc 12.2.0 (Debian 12.2.0-14) 
2024/02/07 13:19:53 [notice] 1#1: OS: Linux 6.7.4-arch1-1
2024/02/07 13:19:53 [notice] 1#1: getrlimit(RLIMIT_NOFILE): 1073741816:1073741816
2024/02/07 13:19:53 [notice] 1#1: start worker processes
2024/02/07 13:19:53 [notice] 1#1: start worker process 20
2024/02/07 13:19:53 [notice] 1#1: start worker process 21
2024/02/07 13:19:53 [notice] 1#1: start worker process 22
2024/02/07 13:19:53 [notice] 1#1: start worker process 23
2024/02/07 13:19:53 [notice] 1#1: start worker process 24
2024/02/07 13:19:53 [notice] 1#1: start worker process 25
2024/02/07 13:28:27 [notice] 1#1: signal 3 (SIGQUIT) received, shutting down
2024/02/07 13:28:27 [notice] 21#21: gracefully shutting down
2024/02/07 13:28:27 [notice] 23#23: gracefully shutting down
2024/02/07 13:28:27 [notice] 22#22: gracefully shutting down
2024/02/07 13:28:27 [notice] 21#21: exiting
2024/02/07 13:28:27 [notice] 23#23: exiting
2024/02/07 13:28:27 [notice] 22#22: exiting
2024/02/07 13:28:27 [notice] 23#23: exit
2024/02/07 13:28:27 [notice] 22#22: exit
2024/02/07 13:28:27 [notice] 20#20: gracefully shutting down
2024/02/07 13:28:27 [notice] 24#24: gracefully shutting down
2024/02/07 13:28:27 [notice] 20#20: exiting
2024/02/07 13:28:27 [notice] 24#24: exiting
2024/02/07 13:28:27 [notice] 20#20: exit
2024/02/07 13:28:27 [notice] 24#24: exit
2024/02/07 13:28:27 [notice] 21#21: exit
2024/02/07 13:28:27 [notice] 25#25: gracefully shutting down
2024/02/07 13:28:27 [notice] 25#25: exiting
2024/02/07 13:28:27 [notice] 25#25: exit
2024/02/07 13:28:27 [notice] 1#1: signal 17 (SIGCHLD) received from 23
2024/02/07 13:28:27 [notice] 1#1: worker process 20 exited with code 0
2024/02/07 13:28:27 [notice] 1#1: worker process 23 exited with code 0
2024/02/07 13:28:27 [notice] 1#1: worker process 25 exited with code 0
2024/02/07 13:28:27 [notice] 1#1: signal 29 (SIGIO) received
2024/02/07 13:28:27 [notice] 1#1: signal 17 (SIGCHLD) received from 24
2024/02/07 13:28:27 [notice] 1#1: worker process 24 exited with code 0
2024/02/07 13:28:27 [notice] 1#1: signal 29 (SIGIO) received
2024/02/07 13:28:27 [notice] 1#1: signal 17 (SIGCHLD) received from 22
2024/02/07 13:28:27 [notice] 1#1: worker process 21 exited with code 0
2024/02/07 13:28:27 [notice] 1#1: worker process 22 exited with code 0
2024/02/07 13:28:27 [notice] 1#1: exit
2024/02/07 13:28:33 [notice] 1#1: using the "epoll" event method
2024/02/07 13:28:33 [notice] 1#1: nginx/1.25.3
2024/02/07 13:28:33 [notice] 1#1: built by gcc 12.2.0 (Debian 12.2.0-14) 
2024/02/07 13:28:33 [notice] 1#1: OS: Linux 6.7.4-arch1-1
2024/02/07 13:28:33 [notice] 1#1: getrlimit(RLIMIT_NOFILE): 1073741816:1073741816
2024/02/07 13:28:33 [notice] 1#1: start worker processes
2024/02/07 13:28:33 [notice] 1#1: start worker process 20
2024/02/07 13:28:33 [notice] 1#1: start worker process 21
2024/02/07 13:28:33 [notice] 1#1: start worker process 22
2024/02/07 13:28:33 [notice] 1#1: start worker process 23
2024/02/07 13:28:33 [notice] 1#1: start worker process 24
2024/02/07 13:28:33 [notice] 1#1: start worker process 25
2024/02/07 13:30:24 [notice] 1#1: signal 3 (SIGQUIT) received, shutting down
2024/02/07 13:30:24 [notice] 20#20: gracefully shutting down
2024/02/07 13:30:24 [notice] 22#22: gracefully shutting down
2024/02/07 13:30:24 [notice] 22#22: exiting
2024/02/07 13:30:24 [notice] 20#20: exiting
2024/02/07 13:30:24 [notice] 22#22: exit
2024/02/07 13:30:24 [notice] 20#20: exit
2024/02/07 13:30:24 [notice] 21#21: gracefully shutting down
2024/02/07 13:30:24 [notice] 21#21: exiting
2024/02/07 13:30:24 [notice] 21#21: exit
2024/02/07 13:30:24 [notice] 23#23: gracefully shutting down
2024/02/07 13:30:24 [notice] 23#23: exiting
2024/02/07 13:30:24 [notice] 24#24: gracefully shutting down
2024/02/07 13:30:24 [notice] 24#24: exiting
2024/02/07 13:30:24 [notice] 23#23: exit
2024/02/07 13:30:24 [notice] 24#24: exit
2024/02/07 13:30:24 [notice] 25#25: gracefully shutting down
2024/02/07 13:30:24 [notice] 25#25: exiting
2024/02/07 13:30:24 [notice] 25#25: exit
2024/02/07 13:30:24 [notice] 1#1: signal 17 (SIGCHLD) received from 22
2024/02/07 13:30:24 [notice] 1#1: worker process 22 exited with code 0
2024/02/07 13:30:24 [notice] 1#1: signal 29 (SIGIO) received
2024/02/07 13:30:24 [notice] 1#1: signal 17 (SIGCHLD) received from 24
2024/02/07 13:30:24 [notice] 1#1: worker process 20 exited with code 0
2024/02/07 13:30:24 [notice] 1#1: worker process 23 exited with code 0
2024/02/07 13:30:24 [notice] 1#1: worker process 24 exited with code 0
2024/02/07 13:30:24 [notice] 1#1: worker process 25 exited with code 0
2024/02/07 13:30:24 [notice] 1#1: signal 29 (SIGIO) received
2024/02/07 13:30:24 [notice] 1#1: signal 17 (SIGCHLD) received from 20
2024/02/07 13:30:24 [notice] 1#1: signal 17 (SIGCHLD) received from 21
2024/02/07 13:30:24 [notice] 1#1: worker process 21 exited with code 0
2024/02/07 13:30:24 [notice] 1#1: exit
2024/02/07 13:30:25 [notice] 1#1: using the "epoll" event method
2024/02/07 13:30:25 [notice] 1#1: nginx/1.25.3
2024/02/07 13:30:25 [notice] 1#1: built by gcc 12.2.0 (Debian 12.2.0-14) 
2024/02/07 13:30:25 [notice] 1#1: OS: Linux 6.7.4-arch1-1
2024/02/07 13:30:25 [notice] 1#1: getrlimit(RLIMIT_NOFILE): 1073741816:1073741816
2024/02/07 13:30:25 [notice] 1#1: start worker processes
2024/02/07 13:30:25 [notice] 1#1: start worker process 20
2024/02/07 13:30:25 [notice] 1#1: start worker process 21
2024/02/07 13:30:25 [notice] 1#1: start worker process 22
2024/02/07 13:30:25 [notice] 1#1: start worker process 23
2024/02/07 13:30:25 [notice] 1#1: start worker process 24
2024/02/07 13:30:25 [notice] 1#1: start worker process 25
2024/02/07 13:35:31 [notice] 1#1: signal 3 (SIGQUIT) received, shutting down
2024/02/07 13:35:31 [notice] 21#21: gracefully shutting down
2024/02/07 13:35:31 [notice] 22#22: gracefully shutting down
2024/02/07 13:35:31 [notice] 20#20: gracefully shutting down
2024/02/07 13:35:31 [notice] 21#21: exiting
2024/02/07 13:35:31 [notice] 22#22: exiting
2024/02/07 13:35:31 [notice] 20#20: exiting
2024/02/07 13:35:31 [notice] 23#23: gracefully shutting down
2024/02/07 13:35:31 [notice] 22#22: exit
2024/02/07 13:35:31 [notice] 23#23: exiting
2024/02/07 13:35:31 [notice] 21#21: exit
2024/02/07 13:35:31 [notice] 20#20: exit
2024/02/07 13:35:31 [notice] 23#23: exit
2024/02/07 13:35:31 [notice] 25#25: gracefully shutting down
2024/02/07 13:35:31 [notice] 25#25: exiting
2024/02/07 13:35:31 [notice] 25#25: exit
2024/02/07 13:35:31 [notice] 24#24: gracefully shutting down
2024/02/07 13:35:31 [notice] 24#24: exiting
2024/02/07 13:35:31 [notice] 24#24: exit
2024/02/07 13:35:31 [notice] 1#1: signal 17 (SIGCHLD) received from 22
2024/02/07 13:35:31 [notice] 1#1: worker process 22 exited with code 0
2024/02/07 13:35:31 [notice] 1#1: signal 29 (SIGIO) received
2024/02/07 13:35:31 [notice] 1#1: signal 17 (SIGCHLD) received from 23
2024/02/07 13:35:31 [notice] 1#1: worker process 23 exited with code 0
2024/02/07 13:35:31 [notice] 1#1: signal 29 (SIGIO) received
2024/02/07 13:35:31 [notice] 1#1: signal 17 (SIGCHLD) received from 25
2024/02/07 13:35:31 [notice] 1#1: worker process 20 exited with code 0
2024/02/07 13:35:31 [notice] 1#1: worker process 25 exited with code 0
2024/02/07 13:35:31 [notice] 1#1: signal 29 (SIGIO) received
2024/02/07 13:35:31 [notice] 1#1: signal 17 (SIGCHLD) received from 21
2024/02/07 13:35:31 [notice] 1#1: worker process 21 exited with code 0
2024/02/07 13:35:31 [notice] 1#1: signal 29 (SIGIO) received
2024/02/07 13:35:31 [notice] 1#1: signal 17 (SIGCHLD) received from 24
2024/02/07 13:35:31 [notice] 1#1: worker process 24 exited with code 0
2024/02/07 13:35:31 [notice] 1#1: exit
2024/02/07 13:35:41 [notice] 1#1: using the "epoll" event method
2024/02/07 13:35:41 [notice] 1#1: nginx/1.25.3
2024/02/07 13:35:41 [notice] 1#1: built by gcc 12.2.0 (Debian 12.2.0-14) 
2024/02/07 13:35:41 [notice] 1#1: OS: Linux 6.7.4-arch1-1
2024/02/07 13:35:41 [notice] 1#1: getrlimit(RLIMIT_NOFILE): 1073741816:1073741816
2024/02/07 13:35:41 [notice] 1#1: start worker processes
2024/02/07 13:35:41 [notice] 1#1: start worker process 20
2024/02/07 13:35:41 [notice] 1#1: start worker process 21
2024/02/07 13:35:41 [notice] 1#1: start worker process 22
2024/02/07 13:35:41 [notice] 1#1: start worker process 23
2024/02/07 13:35:41 [notice] 1#1: start worker process 24
2024/02/07 13:35:41 [notice] 1#1: start worker process 25
2024/02/07 13:36:18 [notice] 1#1: signal 3 (SIGQUIT) received, shutting down
2024/02/07 13:36:18 [notice] 20#20: gracefully shutting down
2024/02/07 13:36:18 [notice] 21#21: gracefully shutting down
2024/02/07 13:36:18 [notice] 21#21: exiting
2024/02/07 13:36:18 [notice] 24#24: gracefully shutting down
2024/02/07 13:36:18 [notice] 24#24: exiting
2024/02/07 13:36:18 [notice] 20#20: exiting
2024/02/07 13:36:18 [notice] 21#21: exit
2024/02/07 13:36:18 [notice] 20#20: exit
2024/02/07 13:36:18 [notice] 24#24: exit
2024/02/07 13:36:18 [notice] 22#22: gracefully shutting down
2024/02/07 13:36:18 [notice] 22#22: exiting
2024/02/07 13:36:18 [notice] 22#22: exit
2024/02/07 13:36:18 [notice] 25#25: gracefully shutting down
2024/02/07 13:36:18 [notice] 25#25: exiting
2024/02/07 13:36:18 [notice] 25#25: exit
2024/02/07 13:36:18 [notice] 23#23: gracefully shutting down
2024/02/07 13:36:18 [notice] 23#23: exiting
2024/02/07 13:36:18 [notice] 23#23: exit
2024/02/07 13:36:18 [notice] 1#1: signal 17 (SIGCHLD) received from 25
2024/02/07 13:36:18 [notice] 1#1: worker process 20 exited with code 0
2024/02/07 13:36:18 [notice] 1#1: worker process 22 exited with code 0
2024/02/07 13:36:18 [notice] 1#1: worker process 25 exited with code 0
2024/02/07 13:36:18 [notice] 1#1: signal 29 (SIGIO) received
2024/02/07 13:36:18 [notice] 1#1: signal 17 (SIGCHLD) received from 22
2024/02/07 13:36:18 [notice] 1#1: signal 17 (SIGCHLD) received from 21
2024/02/07 13:36:18 [notice] 1#1: worker process 21 exited with code 0
2024/02/07 13:36:18 [notice] 1#1: signal 29 (SIGIO) received
2024/02/07 13:36:18 [notice] 1#1: signal 17 (SIGCHLD) received from 24
2024/02/07 13:36:18 [notice] 1#1: worker process 23 exited with code 0
2024/02/07 13:36:18 [notice] 1#1: worker process 24 exited with code 0
2024/02/07 13:36:18 [notice] 1#1: exit
2024/02/07 13:36:19 [notice] 1#1: using the "epoll" event method
2024/02/07 13:36:19 [notice] 1#1: nginx/1.25.3
2024/02/07 13:36:19 [notice] 1#1: built by gcc 12.2.0 (Debian 12.2.0-14) 
2024/02/07 13:36:19 [notice] 1#1: OS: Linux 6.7.4-arch1-1
2024/02/07 13:36:19 [notice] 1#1: getrlimit(RLIMIT_NOFILE): 1073741816:1073741816
2024/02/07 13:36:19 [notice] 1#1: start worker processes
2024/02/07 13:36:19 [notice] 1#1: start worker process 20
2024/02/07 13:36:19 [notice] 1#1: start worker process 21
2024/02/07 13:36:19 [notice] 1#1: start worker process 22
2024/02/07 13:36:19 [notice] 1#1: start worker process 23
2024/02/07 13:36:19 [notice] 1#1: start worker process 24
2024/02/07 13:36:19 [notice] 1#1: start worker process 25
2024/02/07 13:44:16 [notice] 1#1: signal 3 (SIGQUIT) received, shutting down
2024/02/07 13:44:16 [notice] 20#20: gracefully shutting down
2024/02/07 13:44:16 [notice] 22#22: gracefully shutting down
2024/02/07 13:44:16 [notice] 21#21: gracefully shutting down
2024/02/07 13:44:16 [notice] 20#20: exiting
2024/02/07 13:44:16 [notice] 22#22: exiting
2024/02/07 13:44:16 [notice] 21#21: exiting
2024/02/07 13:44:16 [notice] 20#20: exit
2024/02/07 13:44:16 [notice] 21#21: exit
2024/02/07 13:44:16 [notice] 22#22: exit
2024/02/07 13:44:16 [notice] 24#24: gracefully shutting down
2024/02/07 13:44:16 [notice] 24#24: exiting
2024/02/07 13:44:16 [notice] 24#24: exit
2024/02/07 13:44:16 [notice] 23#23: gracefully shutting down
2024/02/07 13:44:16 [notice] 25#25: gracefully shutting down
2024/02/07 13:44:16 [notice] 25#25: exiting
2024/02/07 13:44:16 [notice] 25#25: exit
2024/02/07 13:44:16 [notice] 23#23: exiting
2024/02/07 13:44:16 [notice] 23#23: exit
2024/02/07 13:44:16 [notice] 1#1: signal 17 (SIGCHLD) received from 25
2024/02/07 13:44:16 [notice] 1#1: worker process 22 exited with code 0
2024/02/07 13:44:16 [notice] 1#1: worker process 25 exited with code 0
2024/02/07 13:44:16 [notice] 1#1: signal 29 (SIGIO) received
2024/02/07 13:44:16 [notice] 1#1: signal 17 (SIGCHLD) received from 24
2024/02/07 13:44:16 [notice] 1#1: worker process 20 exited with code 0
2024/02/07 13:44:16 [notice] 1#1: worker process 23 exited with code 0
2024/02/07 13:44:16 [notice] 1#1: worker process 24 exited with code 0
2024/02/07 13:44:16 [notice] 1#1: signal 29 (SIGIO) received
2024/02/07 13:44:16 [notice] 1#1: signal 17 (SIGCHLD) received from 20
2024/02/07 13:44:16 [notice] 1#1: signal 17 (SIGCHLD) received from 21
2024/02/07 13:44:16 [notice] 1#1: worker process 21 exited with code 0
2024/02/07 13:44:16 [notice] 1#1: exit
2024/02/07 13:44:35 [notice] 1#1: using the "epoll" event method
2024/02/07 13:44:35 [notice] 1#1: nginx/1.25.3
2024/02/07 13:44:35 [notice] 1#1: built by gcc 12.2.0 (Debian 12.2.0-14) 
2024/02/07 13:44:35 [notice] 1#1: OS: Linux 6.7.4-arch1-1
2024/02/07 13:44:35 [notice] 1#1: getrlimit(RLIMIT_NOFILE): 1073741816:1073741816
2024/02/07 13:44:35 [notice] 1#1: start worker processes
2024/02/07 13:44:35 [notice] 1#1: start worker process 20
2024/02/07 13:44:35 [notice] 1#1: start worker process 21
2024/02/07 13:44:35 [notice] 1#1: start worker process 22
2024/02/07 13:44:35 [notice] 1#1: start worker process 23
2024/02/07 13:44:35 [notice] 1#1: start worker process 24
2024/02/07 13:44:35 [notice] 1#1: start worker process 25
2024/02/07 13:45:21 [notice] 1#1: signal 3 (SIGQUIT) received, shutting down
2024/02/07 13:45:21 [notice] 20#20: gracefully shutting down
2024/02/07 13:45:21 [notice] 23#23: gracefully shutting down
2024/02/07 13:45:21 [notice] 23#23: exiting
2024/02/07 13:45:21 [notice] 23#23: exit
2024/02/07 13:45:21 [notice] 20#20: exiting
2024/02/07 13:45:21 [notice] 21#21: gracefully shutting down
2024/02/07 13:45:21 [notice] 22#22: gracefully shutting down
2024/02/07 13:45:21 [notice] 22#22: exiting
2024/02/07 13:45:21 [notice] 21#21: exiting
2024/02/07 13:45:21 [notice] 21#21: exit
2024/02/07 13:45:21 [notice] 24#24: gracefully shutting down
2024/02/07 13:45:21 [notice] 24#24: exiting
2024/02/07 13:45:21 [notice] 25#25: gracefully shutting down
2024/02/07 13:45:21 [notice] 24#24: exit
2024/02/07 13:45:21 [notice] 25#25: exiting
2024/02/07 13:45:21 [notice] 25#25: exit
2024/02/07 13:45:21 [notice] 22#22: exit
2024/02/07 13:45:21 [notice] 20#20: exit
2024/02/07 13:45:21 [notice] 1#1: signal 17 (SIGCHLD) received from 23
2024/02/07 13:45:21 [notice] 1#1: worker process 20 exited with code 0
2024/02/07 13:45:21 [notice] 1#1: worker process 21 exited with code 0
2024/02/07 13:45:21 [notice] 1#1: worker process 23 exited with code 0
2024/02/07 13:45:21 [notice] 1#1: signal 29 (SIGIO) received
2024/02/07 13:45:21 [notice] 1#1: signal 17 (SIGCHLD) received from 24
2024/02/07 13:45:21 [notice] 1#1: worker process 24 exited with code 0
2024/02/07 13:45:21 [notice] 1#1: signal 29 (SIGIO) received
2024/02/07 13:45:21 [notice] 1#1: signal 17 (SIGCHLD) received from 22
2024/02/07 13:45:21 [notice] 1#1: worker process 22 exited with code 0
2024/02/07 13:45:21 [notice] 1#1: worker process 25 exited with code 0
2024/02/07 13:45:21 [notice] 1#1: exit
2024/02/07 13:45:22 [notice] 1#1: using the "epoll" event method
2024/02/07 13:45:22 [notice] 1#1: nginx/1.25.3
2024/02/07 13:45:22 [notice] 1#1: built by gcc 12.2.0 (Debian 12.2.0-14) 
2024/02/07 13:45:22 [notice] 1#1: OS: Linux 6.7.4-arch1-1
2024/02/07 13:45:22 [notice] 1#1: getrlimit(RLIMIT_NOFILE): 1073741816:1073741816
2024/02/07 13:45:22 [notice] 1#1: start worker processes
2024/02/07 13:45:22 [notice] 1#1: start worker process 20
2024/02/07 13:45:22 [notice] 1#1: start worker process 21
2024/02/07 13:45:22 [notice] 1#1: start worker process 22
2024/02/07 13:45:22 [notice] 1#1: start worker process 23
2024/02/07 13:45:22 [notice] 1#1: start worker process 24
2024/02/07 13:45:22 [notice] 1#1: start worker process 25
2024/02/07 14:03:26 [notice] 1#1: signal 3 (SIGQUIT) received, shutting down
2024/02/07 14:03:26 [notice] 20#20: gracefully shutting down
2024/02/07 14:03:26 [notice] 23#23: gracefully shutting down
2024/02/07 14:03:26 [notice] 21#21: gracefully shutting down
2024/02/07 14:03:26 [notice] 20#20: exiting
2024/02/07 14:03:26 [notice] 23#23: exiting
2024/02/07 14:03:26 [notice] 21#21: exiting
2024/02/07 14:03:26 [notice] 23#23: exit
2024/02/07 14:03:26 [notice] 21#21: exit
2024/02/07 14:03:26 [notice] 20#20: exit
2024/02/07 14:03:26 [notice] 25#25: gracefully shutting down
2024/02/07 14:03:26 [notice] 25#25: exiting
2024/02/07 14:03:26 [notice] 25#25: exit
2024/02/07 14:03:26 [notice] 24#24: gracefully shutting down
2024/02/07 14:03:26 [notice] 24#24: exiting
2024/02/07 14:03:26 [notice] 24#24: exit
2024/02/07 14:03:26 [notice] 22#22: gracefully shutting down
2024/02/07 14:03:26 [notice] 22#22: exiting
2024/02/07 14:03:26 [notice] 22#22: exit
2024/02/07 14:03:26 [notice] 1#1: signal 17 (SIGCHLD) received from 23
2024/02/07 14:03:26 [notice] 1#1: worker process 23 exited with code 0
2024/02/07 14:03:26 [notice] 1#1: signal 29 (SIGIO) received
2024/02/07 14:03:26 [notice] 1#1: signal 17 (SIGCHLD) received from 25
2024/02/07 14:03:26 [notice] 1#1: worker process 20 exited with code 0
2024/02/07 14:03:26 [notice] 1#1: worker process 21 exited with code 0
2024/02/07 14:03:26 [notice] 1#1: worker process 22 exited with code 0
2024/02/07 14:03:26 [notice] 1#1: worker process 25 exited with code 0
2024/02/07 14:03:26 [notice] 1#1: signal 17 (SIGCHLD) received from 22
2024/02/07 14:03:26 [notice] 1#1: worker process 24 exited with code 0
2024/02/07 14:03:26 [notice] 1#1: exit
2024/02/07 14:03:27 [notice] 1#1: using the "epoll" event method
2024/02/07 14:03:27 [notice] 1#1: nginx/1.25.3
2024/02/07 14:03:27 [notice] 1#1: built by gcc 12.2.0 (Debian 12.2.0-14) 
2024/02/07 14:03:27 [notice] 1#1: OS: Linux 6.7.4-arch1-1
2024/02/07 14:03:27 [notice] 1#1: getrlimit(RLIMIT_NOFILE): 1073741816:1073741816
2024/02/07 14:03:27 [notice] 1#1: start worker processes
2024/02/07 14:03:27 [notice] 1#1: start worker process 20
2024/02/07 14:03:27 [notice] 1#1: start worker process 21
2024/02/07 14:03:27 [notice] 1#1: start worker process 22
2024/02/07 14:03:27 [notice] 1#1: start worker process 23
2024/02/07 14:03:27 [notice] 1#1: start worker process 24
2024/02/07 14:03:27 [notice] 1#1: start worker process 25
2024/02/07 14:04:22 [notice] 1#1: signal 3 (SIGQUIT) received, shutting down
2024/02/07 14:04:22 [notice] 20#20: gracefully shutting down
2024/02/07 14:04:22 [notice] 22#22: gracefully shutting down
2024/02/07 14:04:22 [notice] 24#24: gracefully shutting down
2024/02/07 14:04:22 [notice] 25#25: gracefully shutting down
2024/02/07 14:04:22 [notice] 20#20: exiting
2024/02/07 14:04:22 [notice] 23#23: gracefully shutting down
2024/02/07 14:04:22 [notice] 24#24: exiting
2024/02/07 14:04:22 [notice] 21#21: gracefully shutting down
2024/02/07 14:04:22 [notice] 25#25: exiting
2024/02/07 14:04:22 [notice] 23#23: exiting
2024/02/07 14:04:22 [notice] 21#21: exiting
2024/02/07 14:04:22 [notice] 20#20: exit
2024/02/07 14:04:22 [notice] 24#24: exit
2024/02/07 14:04:22 [notice] 25#25: exit
2024/02/07 14:04:22 [notice] 23#23: exit
2024/02/07 14:04:22 [notice] 22#22: exiting
2024/02/07 14:04:22 [notice] 21#21: exit
2024/02/07 14:04:22 [notice] 22#22: exit
2024/02/07 14:04:22 [notice] 1#1: signal 17 (SIGCHLD) received from 23
2024/02/07 14:04:22 [notice] 1#1: worker process 23 exited with code 0
2024/02/07 14:04:22 [notice] 1#1: signal 29 (SIGIO) received
2024/02/07 14:04:22 [notice] 1#1: signal 17 (SIGCHLD) received from 25
2024/02/07 14:04:22 [notice] 1#1: worker process 25 exited with code 0
2024/02/07 14:04:22 [notice] 1#1: signal 29 (SIGIO) received
2024/02/07 14:04:22 [notice] 1#1: signal 17 (SIGCHLD) received from 21
2024/02/07 14:04:22 [notice] 1#1: worker process 21 exited with code 0
2024/02/07 14:04:22 [notice] 1#1: signal 29 (SIGIO) received
2024/02/07 14:04:22 [notice] 1#1: signal 17 (SIGCHLD) received from 20
2024/02/07 14:04:22 [notice] 1#1: worker process 20 exited with code 0
2024/02/07 14:04:22 [notice] 1#1: signal 29 (SIGIO) received
2024/02/07 14:04:22 [notice] 1#1: signal 17 (SIGCHLD) received from 24
2024/02/07 14:04:22 [notice] 1#1: worker process 24 exited with code 0
2024/02/07 14:04:22 [notice] 1#1: worker process 22 exited with code 0
2024/02/07 14:04:22 [notice] 1#1: exit
2024/02/07 14:04:55 [notice] 1#1: using the "epoll" event method
2024/02/07 14:04:55 [notice] 1#1: nginx/1.25.3
2024/02/07 14:04:55 [notice] 1#1: built by gcc 12.2.0 (Debian 12.2.0-14) 
2024/02/07 14:04:55 [notice] 1#1: OS: Linux 6.7.4-arch1-1
2024/02/07 14:04:55 [notice] 1#1: getrlimit(RLIMIT_NOFILE): 1073741816:1073741816
2024/02/07 14:04:55 [notice] 1#1: start worker processes
2024/02/07 14:04:55 [notice] 1#1: start worker process 19
2024/02/07 14:04:55 [notice] 1#1: start worker process 20
2024/02/07 14:04:55 [notice] 1#1: start worker process 21
2024/02/07 14:04:55 [notice] 1#1: start worker process 22
2024/02/07 14:04:55 [notice] 1#1: start worker process 23
2024/02/07 14:04:55 [notice] 1#1: start worker process 24
2024/02/07 14:06:04 [notice] 1#1: signal 3 (SIGQUIT) received, shutting down
2024/02/07 14:06:04 [notice] 19#19: gracefully shutting down
2024/02/07 14:06:04 [notice] 20#20: gracefully shutting down
2024/02/07 14:06:04 [notice] 19#19: exiting
2024/02/07 14:06:04 [notice] 20#20: exiting
2024/02/07 14:06:04 [notice] 19#19: exit
2024/02/07 14:06:04 [notice] 20#20: exit
2024/02/07 14:06:04 [notice] 21#21: gracefully shutting down
2024/02/07 14:06:04 [notice] 21#21: exiting
2024/02/07 14:06:04 [notice] 22#22: gracefully shutting down
2024/02/07 14:06:04 [notice] 22#22: exiting
2024/02/07 14:06:04 [notice] 21#21: exit
2024/02/07 14:06:04 [notice] 22#22: exit
2024/02/07 14:06:04 [notice] 23#23: gracefully shutting down
2024/02/07 14:06:04 [notice] 23#23: exiting
2024/02/07 14:06:04 [notice] 23#23: exit
2024/02/07 14:06:04 [notice] 24#24: gracefully shutting down
2024/02/07 14:06:04 [notice] 24#24: exiting
2024/02/07 14:06:04 [notice] 24#24: exit
2024/02/07 14:06:04 [notice] 1#1: signal 17 (SIGCHLD) received from 19
2024/02/07 14:06:04 [notice] 1#1: worker process 19 exited with code 0
2024/02/07 14:06:04 [notice] 1#1: worker process 21 exited with code 0
2024/02/07 14:06:04 [notice] 1#1: signal 29 (SIGIO) received
2024/02/07 14:06:04 [notice] 1#1: signal 17 (SIGCHLD) received from 20
2024/02/07 14:06:04 [notice] 1#1: worker process 20 exited with code 0
2024/02/07 14:06:04 [notice] 1#1: worker process 24 exited with code 0
2024/02/07 14:06:04 [notice] 1#1: signal 29 (SIGIO) received
2024/02/07 14:06:04 [notice] 1#1: signal 17 (SIGCHLD) received from 24
2024/02/07 14:06:04 [notice] 1#1: signal 17 (SIGCHLD) received from 22
2024/02/07 14:06:04 [notice] 1#1: worker process 22 exited with code 0
2024/02/07 14:06:04 [notice] 1#1: signal 29 (SIGIO) received
2024/02/07 14:06:04 [notice] 1#1: signal 17 (SIGCHLD) received from 23
2024/02/07 14:06:04 [notice] 1#1: worker process 23 exited with code 0
2024/02/07 14:06:04 [notice] 1#1: exit
2024/02/07 14:06:12 [notice] 1#1: using the "epoll" event method
2024/02/07 14:06:12 [notice] 1#1: nginx/1.25.3
2024/02/07 14:06:12 [notice] 1#1: built by gcc 12.2.0 (Debian 12.2.0-14) 
2024/02/07 14:06:12 [notice] 1#1: OS: Linux 6.7.4-arch1-1
2024/02/07 14:06:12 [notice] 1#1: getrlimit(RLIMIT_NOFILE): 1073741816:1073741816
2024/02/07 14:06:12 [notice] 1#1: start worker processes
2024/02/07 14:06:12 [notice] 1#1: start worker process 20
2024/02/07 14:06:12 [notice] 1#1: start worker process 21
2024/02/07 14:06:12 [notice] 1#1: start worker process 22
2024/02/07 14:06:12 [notice] 1#1: start worker process 23
2024/02/07 14:06:12 [notice] 1#1: start worker process 24
2024/02/07 14:06:12 [notice] 1#1: start worker process 25
2024/02/07 14:08:47 [notice] 1#1: signal 3 (SIGQUIT) received, shutting down
2024/02/07 14:08:47 [notice] 20#20: gracefully shutting down
2024/02/07 14:08:47 [notice] 21#21: gracefully shutting down
2024/02/07 14:08:47 [notice] 21#21: exiting
2024/02/07 14:08:47 [notice] 22#22: gracefully shutting down
2024/02/07 14:08:47 [notice] 22#22: exiting
2024/02/07 14:08:47 [notice] 24#24: gracefully shutting down
2024/02/07 14:08:47 [notice] 24#24: exiting
2024/02/07 14:08:47 [notice] 24#24: exit
2024/02/07 14:08:47 [notice] 22#22: exit
2024/02/07 14:08:47 [notice] 20#20: exiting
2024/02/07 14:08:47 [notice] 23#23: gracefully shutting down
2024/02/07 14:08:47 [notice] 25#25: gracefully shutting down
2024/02/07 14:08:47 [notice] 20#20: exit
2024/02/07 14:08:47 [notice] 23#23: exiting
2024/02/07 14:08:47 [notice] 25#25: exiting
2024/02/07 14:08:47 [notice] 23#23: exit
2024/02/07 14:08:47 [notice] 25#25: exit
2024/02/07 14:08:47 [notice] 21#21: exit
2024/02/07 14:08:47 [notice] 1#1: signal 17 (SIGCHLD) received from 25
2024/02/07 14:08:47 [notice] 1#1: worker process 25 exited with code 0
2024/02/07 14:08:47 [notice] 1#1: signal 29 (SIGIO) received
2024/02/07 14:08:47 [notice] 1#1: signal 17 (SIGCHLD) received from 21
2024/02/07 14:08:47 [notice] 1#1: worker process 21 exited with code 0
2024/02/07 14:08:47 [notice] 1#1: signal 29 (SIGIO) received
2024/02/07 14:08:47 [notice] 1#1: signal 17 (SIGCHLD) received from 24
2024/02/07 14:08:47 [notice] 1#1: worker process 20 exited with code 0
2024/02/07 14:08:47 [notice] 1#1: worker process 24 exited with code 0
2024/02/07 14:08:47 [notice] 1#1: signal 29 (SIGIO) received
2024/02/07 14:08:47 [notice] 1#1: signal 17 (SIGCHLD) received from 20
2024/02/07 14:08:47 [notice] 1#1: signal 17 (SIGCHLD) received from 22
2024/02/07 14:08:47 [notice] 1#1: worker process 22 exited with code 0
2024/02/07 14:08:47 [notice] 1#1: worker process 23 exited with code 0
2024/02/07 14:08:47 [notice] 1#1: exit
2024/02/07 14:08:54 [emerg] 1#1: open() "/etc/nginx/nginx.conf" failed (2: No such file or directory)
2024/02/07 14:14:36 [notice] 1#1: using the "epoll" event method
2024/02/07 14:14:36 [notice] 1#1: nginx/1.25.3
2024/02/07 14:14:36 [notice] 1#1: built by gcc 12.2.0 (Debian 12.2.0-14) 
2024/02/07 14:14:36 [notice] 1#1: OS: Linux 6.7.4-arch1-1
2024/02/07 14:14:36 [notice] 1#1: getrlimit(RLIMIT_NOFILE): 1073741816:1073741816
2024/02/07 14:14:36 [notice] 1#1: start worker processes
2024/02/07 14:14:36 [notice] 1#1: start worker process 20
2024/02/07 14:14:36 [notice] 1#1: start worker process 21
2024/02/07 14:14:36 [notice] 1#1: start worker process 22
2024/02/07 14:14:36 [notice] 1#1: start worker process 23
2024/02/07 14:14:36 [notice] 1#1: start worker process 24
2024/02/07 14:14:36 [notice] 1#1: start worker process 25
2024/02/07 14:15:08 [notice] 1#1: signal 3 (SIGQUIT) received, shutting down
2024/02/07 14:15:08 [notice] 20#20: gracefully shutting down
2024/02/07 14:15:08 [notice] 22#22: gracefully shutting down
2024/02/07 14:15:08 [notice] 20#20: exiting
2024/02/07 14:15:08 [notice] 22#22: exiting
2024/02/07 14:15:08 [notice] 20#20: exit
2024/02/07 14:15:08 [notice] 22#22: exit
2024/02/07 14:15:08 [notice] 23#23: gracefully shutting down
2024/02/07 14:15:08 [notice] 23#23: exiting
2024/02/07 14:15:08 [notice] 24#24: gracefully shutting down
2024/02/07 14:15:08 [notice] 24#24: exiting
2024/02/07 14:15:08 [notice] 23#23: exit
2024/02/07 14:15:08 [notice] 25#25: gracefully shutting down
2024/02/07 14:15:08 [notice] 25#25: exiting
2024/02/07 14:15:08 [notice] 24#24: exit
2024/02/07 14:15:08 [notice] 25#25: exit
2024/02/07 14:15:08 [notice] 21#21: gracefully shutting down
2024/02/07 14:15:08 [notice] 21#21: exiting
2024/02/07 14:15:08 [notice] 21#21: exit
2024/02/07 14:15:08 [notice] 1#1: signal 17 (SIGCHLD) received from 23
2024/02/07 14:15:08 [notice] 1#1: worker process 23 exited with code 0
2024/02/07 14:15:08 [notice] 1#1: signal 29 (SIGIO) received
2024/02/07 14:15:08 [notice] 1#1: signal 17 (SIGCHLD) received from 22
2024/02/07 14:15:08 [notice] 1#1: worker process 22 exited with code 0
2024/02/07 14:15:08 [notice] 1#1: signal 29 (SIGIO) received
2024/02/07 14:15:08 [notice] 1#1: signal 17 (SIGCHLD) received from 24
2024/02/07 14:15:08 [notice] 1#1: worker process 24 exited with code 0
2024/02/07 14:15:08 [notice] 1#1: signal 29 (SIGIO) received
2024/02/07 14:15:08 [notice] 1#1: signal 17 (SIGCHLD) received from 20
2024/02/07 14:15:08 [notice] 1#1: worker process 20 exited with code 0
2024/02/07 14:15:08 [notice] 1#1: worker process 25 exited with code 0
2024/02/07 14:15:08 [notice] 1#1: signal 29 (SIGIO) received
2024/02/07 14:15:08 [notice] 1#1: signal 17 (SIGCHLD) received from 25
2024/02/07 14:15:08 [notice] 1#1: signal 17 (SIGCHLD) received from 21
2024/02/07 14:15:08 [notice] 1#1: worker process 21 exited with code 0
2024/02/07 14:15:08 [notice] 1#1: exit
2024/02/07 14:15:21 [notice] 1#1: using the "epoll" event method
2024/02/07 14:15:21 [notice] 1#1: nginx/1.25.3
2024/02/07 14:15:21 [notice] 1#1: built by gcc 12.2.0 (Debian 12.2.0-14) 
2024/02/07 14:15:21 [notice] 1#1: OS: Linux 6.7.4-arch1-1
2024/02/07 14:15:21 [notice] 1#1: getrlimit(RLIMIT_NOFILE): 1073741816:1073741816
2024/02/07 14:15:21 [notice] 1#1: start worker processes
2024/02/07 14:15:21 [notice] 1#1: start worker process 20
2024/02/07 14:15:21 [notice] 1#1: start worker process 21
2024/02/07 14:15:21 [notice] 1#1: start worker process 22
2024/02/07 14:15:21 [notice] 1#1: start worker process 23
2024/02/07 14:15:21 [notice] 1#1: start worker process 24
2024/02/07 14:15:21 [notice] 1#1: start worker process 25
2024/02/07 14:16:15 [notice] 1#1: signal 3 (SIGQUIT) received, shutting down
2024/02/07 14:16:15 [notice] 20#20: gracefully shutting down
2024/02/07 14:16:15 [notice] 21#21: gracefully shutting down
2024/02/07 14:16:15 [notice] 22#22: gracefully shutting down
2024/02/07 14:16:15 [notice] 23#23: gracefully shutting down
2024/02/07 14:16:15 [notice] 22#22: exiting
2024/02/07 14:16:15 [notice] 23#23: exiting
2024/02/07 14:16:15 [notice] 21#21: exiting
2024/02/07 14:16:15 [notice] 20#20: exiting
2024/02/07 14:16:15 [notice] 23#23: exit
2024/02/07 14:16:15 [notice] 21#21: exit
2024/02/07 14:16:15 [notice] 20#20: exit
2024/02/07 14:16:15 [notice] 22#22: exit
2024/02/07 14:16:15 [notice] 24#24: gracefully shutting down
2024/02/07 14:16:15 [notice] 24#24: exiting
2024/02/07 14:16:15 [notice] 24#24: exit
2024/02/07 14:16:15 [notice] 25#25: gracefully shutting down
2024/02/07 14:16:15 [notice] 25#25: exiting
2024/02/07 14:16:15 [notice] 25#25: exit
2024/02/07 14:16:16 [notice] 1#1: signal 17 (SIGCHLD) received from 23
2024/02/07 14:16:16 [notice] 1#1: worker process 23 exited with code 0
2024/02/07 14:16:16 [notice] 1#1: signal 29 (SIGIO) received
2024/02/07 14:16:16 [notice] 1#1: signal 17 (SIGCHLD) received from 22
2024/02/07 14:16:16 [notice] 1#1: worker process 20 exited with code 0
2024/02/07 14:16:16 [notice] 1#1: worker process 21 exited with code 0
2024/02/07 14:16:16 [notice] 1#1: worker process 22 exited with code 0
2024/02/07 14:16:16 [notice] 1#1: signal 29 (SIGIO) received
2024/02/07 14:16:16 [notice] 1#1: signal 17 (SIGCHLD) received from 21
2024/02/07 14:16:16 [notice] 1#1: signal 17 (SIGCHLD) received from 24
2024/02/07 14:16:16 [notice] 1#1: worker process 24 exited with code 0
2024/02/07 14:16:16 [notice] 1#1: worker process 25 exited with code 0
2024/02/07 14:16:16 [notice] 1#1: exit
2024/02/07 14:23:21 [notice] 1#1: using the "epoll" event method
2024/02/07 14:23:21 [notice] 1#1: nginx/1.25.3
2024/02/07 14:23:21 [notice] 1#1: built by gcc 12.2.0 (Debian 12.2.0-14) 
2024/02/07 14:23:21 [notice] 1#1: OS: Linux 6.7.4-arch1-1
2024/02/07 14:23:21 [notice] 1#1: getrlimit(RLIMIT_NOFILE): 1073741816:1073741816
2024/02/07 14:23:21 [notice] 1#1: start worker processes
2024/02/07 14:23:21 [notice] 1#1: start worker process 20
2024/02/07 14:23:21 [notice] 1#1: start worker process 21
2024/02/07 14:23:21 [notice] 1#1: start worker process 22
2024/02/07 14:23:21 [notice] 1#1: start worker process 23
2024/02/07 14:23:21 [notice] 1#1: start worker process 24
2024/02/07 14:23:21 [notice] 1#1: start worker process 25
2024/02/07 14:29:18 [notice] 1#1: signal 3 (SIGQUIT) received, shutting down
2024/02/07 14:29:18 [notice] 22#22: gracefully shutting down
2024/02/07 14:29:18 [notice] 20#20: gracefully shutting down
2024/02/07 14:29:18 [notice] 22#22: exiting
2024/02/07 14:29:18 [notice] 20#20: exiting
2024/02/07 14:29:18 [notice] 21#21: gracefully shutting down
2024/02/07 14:29:18 [notice] 21#21: exiting
2024/02/07 14:29:18 [notice] 20#20: exit
2024/02/07 14:29:18 [notice] 22#22: exit
2024/02/07 14:29:18 [notice] 21#21: exit
2024/02/07 14:29:18 [notice] 23#23: gracefully shutting down
2024/02/07 14:29:18 [notice] 23#23: exiting
2024/02/07 14:29:18 [notice] 23#23: exit
2024/02/07 14:29:18 [notice] 25#25: gracefully shutting down
2024/02/07 14:29:18 [notice] 25#25: exiting
2024/02/07 14:29:18 [notice] 24#24: gracefully shutting down
2024/02/07 14:29:18 [notice] 24#24: exiting
2024/02/07 14:29:18 [notice] 25#25: exit
2024/02/07 14:29:18 [notice] 24#24: exit
2024/02/07 14:29:18 [notice] 1#1: signal 17 (SIGCHLD) received from 25
2024/02/07 14:29:18 [notice] 1#1: worker process 21 exited with code 0
2024/02/07 14:29:18 [notice] 1#1: worker process 24 exited with code 0
2024/02/07 14:29:18 [notice] 1#1: worker process 25 exited with code 0
2024/02/07 14:29:18 [notice] 1#1: signal 29 (SIGIO) received
2024/02/07 14:29:18 [notice] 1#1: signal 17 (SIGCHLD) received from 21
2024/02/07 14:29:18 [notice] 1#1: signal 17 (SIGCHLD) received from 22
2024/02/07 14:29:18 [notice] 1#1: worker process 22 exited with code 0
2024/02/07 14:29:18 [notice] 1#1: signal 29 (SIGIO) received
2024/02/07 14:29:18 [notice] 1#1: signal 17 (SIGCHLD) received from 23
2024/02/07 14:29:18 [notice] 1#1: worker process 23 exited with code 0
2024/02/07 14:29:18 [notice] 1#1: signal 29 (SIGIO) received
2024/02/07 14:29:18 [notice] 1#1: signal 17 (SIGCHLD) received from 20
2024/02/07 14:29:18 [notice] 1#1: worker process 20 exited with code 0
2024/02/07 14:29:18 [notice] 1#1: exit
2024/02/07 14:29:51 [notice] 1#1: using the "epoll" event method
2024/02/07 14:29:51 [notice] 1#1: nginx/1.25.3
2024/02/07 14:29:51 [notice] 1#1: built by gcc 12.2.0 (Debian 12.2.0-14) 
2024/02/07 14:29:51 [notice] 1#1: OS: Linux 6.7.4-arch1-1
2024/02/07 14:29:51 [notice] 1#1: getrlimit(RLIMIT_NOFILE): 1073741816:1073741816
2024/02/07 14:29:51 [notice] 1#1: start worker processes
2024/02/07 14:29:51 [notice] 1#1: start worker process 20
2024/02/07 14:29:51 [notice] 1#1: start worker process 21
2024/02/07 14:29:51 [notice] 1#1: start worker process 22
2024/02/07 14:29:51 [notice] 1#1: start worker process 23
2024/02/07 14:29:51 [notice] 1#1: start worker process 24
2024/02/07 14:29:51 [notice] 1#1: start worker process 25
2024/02/07 14:33:47 [notice] 1#1: signal 3 (SIGQUIT) received, shutting down
2024/02/07 14:33:47 [notice] 20#20: gracefully shutting down
2024/02/07 14:33:47 [notice] 21#21: gracefully shutting down
2024/02/07 14:33:47 [notice] 20#20: exiting
2024/02/07 14:33:47 [notice] 23#23: gracefully shutting down
2024/02/07 14:33:47 [notice] 25#25: gracefully shutting down
2024/02/07 14:33:47 [notice] 22#22: gracefully shutting down
2024/02/07 14:33:47 [notice] 23#23: exiting
2024/02/07 14:33:47 [notice] 25#25: exiting
2024/02/07 14:33:47 [notice] 22#22: exiting
2024/02/07 14:33:47 [notice] 21#21: exiting
2024/02/07 14:33:47 [notice] 20#20: exit
2024/02/07 14:33:47 [notice] 25#25: exit
2024/02/07 14:33:47 [notice] 23#23: exit
2024/02/07 14:33:47 [notice] 22#22: exit
2024/02/07 14:33:47 [notice] 21#21: exit
2024/02/07 14:33:47 [notice] 24#24: gracefully shutting down
2024/02/07 14:33:47 [notice] 24#24: exiting
2024/02/07 14:33:47 [notice] 24#24: exit
2024/02/07 14:33:47 [notice] 1#1: signal 17 (SIGCHLD) received from 21
2024/02/07 14:33:47 [notice] 1#1: worker process 21 exited with code 0
2024/02/07 14:33:47 [notice] 1#1: worker process 22 exited with code 0
2024/02/07 14:33:47 [notice] 1#1: worker process 25 exited with code 0
2024/02/07 14:33:47 [notice] 1#1: signal 29 (SIGIO) received
2024/02/07 14:33:47 [notice] 1#1: signal 17 (SIGCHLD) received from 20
2024/02/07 14:33:47 [notice] 1#1: worker process 20 exited with code 0
2024/02/07 14:33:47 [notice] 1#1: signal 29 (SIGIO) received
2024/02/07 14:33:47 [notice] 1#1: signal 17 (SIGCHLD) received from 23
2024/02/07 14:33:47 [notice] 1#1: worker process 23 exited with code 0
2024/02/07 14:33:47 [notice] 1#1: signal 29 (SIGIO) received
2024/02/07 14:33:47 [notice] 1#1: signal 17 (SIGCHLD) received from 24
2024/02/07 14:33:47 [notice] 1#1: worker process 24 exited with code 0
2024/02/07 14:33:47 [notice] 1#1: exit
2024/02/07 14:34:01 [notice] 1#1: using the "epoll" event method
2024/02/07 14:34:01 [notice] 1#1: nginx/1.25.3
2024/02/07 14:34:01 [notice] 1#1: built by gcc 12.2.0 (Debian 12.2.0-14) 
2024/02/07 14:34:01 [notice] 1#1: OS: Linux 6.7.4-arch1-1
2024/02/07 14:34:01 [notice] 1#1: getrlimit(RLIMIT_NOFILE): 1073741816:1073741816
2024/02/07 14:34:01 [notice] 1#1: start worker processes
2024/02/07 14:34:01 [notice] 1#1: start worker process 20
2024/02/07 14:34:01 [notice] 1#1: start worker process 21
2024/02/07 14:34:01 [notice] 1#1: start worker process 22
2024/02/07 14:34:01 [notice] 1#1: start worker process 23
2024/02/07 14:34:01 [notice] 1#1: start worker process 24
2024/02/07 14:34:01 [notice] 1#1: start worker process 25
2024/02/07 14:39:32 [notice] 1#1: signal 3 (SIGQUIT) received, shutting down
2024/02/07 14:39:32 [notice] 20#20: gracefully shutting down
2024/02/07 14:39:32 [notice] 22#22: gracefully shutting down
2024/02/07 14:39:32 [notice] 21#21: gracefully shutting down
2024/02/07 14:39:32 [notice] 20#20: exiting
2024/02/07 14:39:32 [notice] 22#22: exiting
2024/02/07 14:39:32 [notice] 20#20: exit
2024/02/07 14:39:32 [notice] 22#22: exit
2024/02/07 14:39:32 [notice] 21#21: exiting
2024/02/07 14:39:32 [notice] 25#25: gracefully shutting down
2024/02/07 14:39:32 [notice] 25#25: exiting
2024/02/07 14:39:32 [notice] 21#21: exit
2024/02/07 14:39:32 [notice] 25#25: exit
2024/02/07 14:39:32 [notice] 23#23: gracefully shutting down
2024/02/07 14:39:32 [notice] 23#23: exiting
2024/02/07 14:39:32 [notice] 24#24: gracefully shutting down
2024/02/07 14:39:32 [notice] 24#24: exiting
2024/02/07 14:39:32 [notice] 23#23: exit
2024/02/07 14:39:32 [notice] 24#24: exit
2024/02/07 14:39:32 [notice] 1#1: signal 17 (SIGCHLD) received from 25
2024/02/07 14:39:32 [notice] 1#1: worker process 25 exited with code 0
2024/02/07 14:39:32 [notice] 1#1: signal 29 (SIGIO) received
2024/02/07 14:39:32 [notice] 1#1: signal 17 (SIGCHLD) received from 21
2024/02/07 14:39:32 [notice] 1#1: worker process 21 exited with code 0
2024/02/07 14:39:32 [notice] 1#1: worker process 24 exited with code 0
2024/02/07 14:39:32 [notice] 1#1: signal 29 (SIGIO) received
2024/02/07 14:39:32 [notice] 1#1: signal 17 (SIGCHLD) received from 20
2024/02/07 14:39:32 [notice] 1#1: worker process 20 exited with code 0
2024/02/07 14:39:32 [notice] 1#1: signal 29 (SIGIO) received
2024/02/07 14:39:32 [notice] 1#1: signal 17 (SIGCHLD) received from 23
2024/02/07 14:39:32 [notice] 1#1: worker process 23 exited with code 0
2024/02/07 14:39:32 [notice] 1#1: signal 29 (SIGIO) received
2024/02/07 14:39:32 [notice] 1#1: signal 17 (SIGCHLD) received from 22
2024/02/07 14:39:32 [notice] 1#1: worker process 22 exited with code 0
2024/02/07 14:39:32 [notice] 1#1: exit
2024/02/07 14:39:55 [notice] 1#1: using the "epoll" event method
2024/02/07 14:39:55 [notice] 1#1: nginx/1.25.3
2024/02/07 14:39:55 [notice] 1#1: built by gcc 12.2.0 (Debian 12.2.0-14) 
2024/02/07 14:39:55 [notice] 1#1: OS: Linux 6.7.4-arch1-1
2024/02/07 14:39:55 [notice] 1#1: getrlimit(RLIMIT_NOFILE): 1073741816:1073741816
2024/02/07 14:39:55 [notice] 1#1: start worker processes
2024/02/07 14:39:55 [notice] 1#1: start worker process 20
2024/02/07 14:39:55 [notice] 1#1: start worker process 21
2024/02/07 14:39:55 [notice] 1#1: start worker process 22
2024/02/07 14:39:55 [notice] 1#1: start worker process 23
2024/02/07 14:39:55 [notice] 1#1: start worker process 24
2024/02/07 14:39:55 [notice] 1#1: start worker process 25
2024/02/07 14:42:00 [notice] 1#1: signal 3 (SIGQUIT) received, shutting down
2024/02/07 14:42:00 [notice] 21#21: gracefully shutting down
2024/02/07 14:42:00 [notice] 20#20: gracefully shutting down
2024/02/07 14:42:00 [notice] 21#21: exiting
2024/02/07 14:42:00 [notice] 20#20: exiting
2024/02/07 14:42:00 [notice] 20#20: exit
2024/02/07 14:42:00 [notice] 21#21: exit
2024/02/07 14:42:00 [notice] 23#23: gracefully shutting down
2024/02/07 14:42:00 [notice] 23#23: exiting
2024/02/07 14:42:00 [notice] 24#24: gracefully shutting down
2024/02/07 14:42:00 [notice] 25#25: gracefully shutting down
2024/02/07 14:42:00 [notice] 25#25: exiting
2024/02/07 14:42:00 [notice] 22#22: gracefully shutting down
2024/02/07 14:42:00 [notice] 22#22: exiting
2024/02/07 14:42:00 [notice] 25#25: exit
2024/02/07 14:42:00 [notice] 22#22: exit
2024/02/07 14:42:00 [notice] 23#23: exit
2024/02/07 14:42:00 [notice] 24#24: exiting
2024/02/07 14:42:00 [notice] 24#24: exit
2024/02/07 14:42:00 [notice] 1#1: signal 17 (SIGCHLD) received from 22
2024/02/07 14:42:00 [notice] 1#1: worker process 22 exited with code 0
2024/02/07 14:42:00 [notice] 1#1: signal 29 (SIGIO) received
2024/02/07 14:42:00 [notice] 1#1: signal 17 (SIGCHLD) received from 25
2024/02/07 14:42:00 [notice] 1#1: worker process 25 exited with code 0
2024/02/07 14:42:00 [notice] 1#1: worker process 21 exited with code 0
2024/02/07 14:42:00 [notice] 1#1: worker process 24 exited with code 0
2024/02/07 14:42:00 [notice] 1#1: signal 29 (SIGIO) received
2024/02/07 14:42:00 [notice] 1#1: signal 17 (SIGCHLD) received from 21
2024/02/07 14:42:00 [notice] 1#1: worker process 20 exited with code 0
2024/02/07 14:42:00 [notice] 1#1: signal 29 (SIGIO) received
2024/02/07 14:42:00 [notice] 1#1: signal 17 (SIGCHLD) received from 23
2024/02/07 14:42:00 [notice] 1#1: worker process 23 exited with code 0
2024/02/07 14:42:00 [notice] 1#1: exit
2024/02/07 14:42:23 [notice] 1#1: using the "epoll" event method
2024/02/07 14:42:23 [notice] 1#1: nginx/1.25.3
2024/02/07 14:42:23 [notice] 1#1: built by gcc 12.2.0 (Debian 12.2.0-14) 
2024/02/07 14:42:23 [notice] 1#1: OS: Linux 6.7.4-arch1-1
2024/02/07 14:42:23 [notice] 1#1: getrlimit(RLIMIT_NOFILE): 1073741816:1073741816
2024/02/07 14:42:23 [notice] 1#1: start worker processes
2024/02/07 14:42:23 [notice] 1#1: start worker process 20
2024/02/07 14:42:23 [notice] 1#1: start worker process 21
2024/02/07 14:42:23 [notice] 1#1: start worker process 22
2024/02/07 14:42:23 [notice] 1#1: start worker process 23
2024/02/07 14:42:23 [notice] 1#1: start worker process 24
2024/02/07 14:42:23 [notice] 1#1: start worker process 25
2024/02/07 14:44:18 [notice] 1#1: signal 3 (SIGQUIT) received, shutting down
2024/02/07 14:44:18 [notice] 24#24: gracefully shutting down
2024/02/07 14:44:18 [notice] 24#24: exiting
2024/02/07 14:44:18 [notice] 20#20: gracefully shutting down
2024/02/07 14:44:18 [notice] 25#25: gracefully shutting down
2024/02/07 14:44:18 [notice] 24#24: exit
2024/02/07 14:44:18 [notice] 25#25: exiting
2024/02/07 14:44:18 [notice] 20#20: exiting
2024/02/07 14:44:18 [notice] 25#25: exit
2024/02/07 14:44:18 [notice] 20#20: exit
2024/02/07 14:44:18 [notice] 21#21: gracefully shutting down
2024/02/07 14:44:18 [notice] 21#21: exiting
2024/02/07 14:44:18 [notice] 21#21: exit
2024/02/07 14:44:18 [notice] 22#22: gracefully shutting down
2024/02/07 14:44:18 [notice] 23#23: gracefully shutting down
2024/02/07 14:44:18 [notice] 22#22: exiting
2024/02/07 14:44:18 [notice] 23#23: exiting
2024/02/07 14:44:18 [notice] 22#22: exit
2024/02/07 14:44:18 [notice] 23#23: exit
2024/02/07 14:44:18 [notice] 1#1: signal 17 (SIGCHLD) received from 20
2024/02/07 14:44:18 [notice] 1#1: worker process 20 exited with code 0
2024/02/07 14:44:18 [notice] 1#1: signal 29 (SIGIO) received
2024/02/07 14:44:18 [notice] 1#1: signal 17 (SIGCHLD) received from 23
2024/02/07 14:44:18 [notice] 1#1: worker process 23 exited with code 0
2024/02/07 14:44:18 [notice] 1#1: worker process 25 exited with code 0
2024/02/07 14:44:18 [notice] 1#1: signal 29 (SIGIO) received
2024/02/07 14:44:18 [notice] 1#1: signal 17 (SIGCHLD) received from 25
2024/02/07 14:44:18 [notice] 1#1: signal 17 (SIGCHLD) received from 24
2024/02/07 14:44:18 [notice] 1#1: worker process 24 exited with code 0
2024/02/07 14:44:18 [notice] 1#1: signal 29 (SIGIO) received
2024/02/07 14:44:18 [notice] 1#1: signal 17 (SIGCHLD) received from 21
2024/02/07 14:44:18 [notice] 1#1: worker process 21 exited with code 0
2024/02/07 14:44:18 [notice] 1#1: worker process 22 exited with code 0
2024/02/07 14:44:18 [notice] 1#1: exit
2024/02/07 14:44:27 [notice] 1#1: using the "epoll" event method
2024/02/07 14:44:27 [notice] 1#1: nginx/1.25.3
2024/02/07 14:44:27 [notice] 1#1: built by gcc 12.2.0 (Debian 12.2.0-14) 
2024/02/07 14:44:27 [notice] 1#1: OS: Linux 6.7.4-arch1-1
2024/02/07 14:44:27 [notice] 1#1: getrlimit(RLIMIT_NOFILE): 1073741816:1073741816
2024/02/07 14:44:27 [notice] 1#1: start worker processes
2024/02/07 14:44:27 [notice] 1#1: start worker process 20
2024/02/07 14:44:27 [notice] 1#1: start worker process 21
2024/02/07 14:44:27 [notice] 1#1: start worker process 22
2024/02/07 14:44:27 [notice] 1#1: start worker process 23
2024/02/07 14:44:27 [notice] 1#1: start worker process 24
2024/02/07 14:44:27 [notice] 1#1: start worker process 25
